app/build/outputs/logs/manifest-merger-debug-report.txt
-- Merging decision tree log ---
manifest
ADDED from src\main\AndroidManifest.xml:2:1-92:12
	package
		ADDED from src\main\AndroidManifest.xml:3:5-31
		INJECTED from src\main\AndroidManifest.xml
		INJECTED from src\main\AndroidManifest.xml
	android:versionName
		ADDED from src\main\AndroidManifest.xml:5:5-30
		INJECTED from src\main\AndroidManifest.xml
		INJECTED from src\main\AndroidManifest.xml
	android:versionCode
		ADDED from src\main\AndroidManifest.xml:4:5-28
		INJECTED from src\main\AndroidManifest.xml
		INJECTED from src\main\AndroidManifest.xml
	xmlns:android
		ADDED from src\main\AndroidManifest.xml:2:11-69
uses-sdk
ADDED from src\main\AndroidManifest.xml:7:5-73
	android:targetSdkVersion
		ADDED from src\main\AndroidManifest.xml:7:42-71
		INJECTED from src\main\AndroidManifest.xml
		INJECTED from src\main\AndroidManifest.xml
	android:minSdkVersion
		ADDED from src\main\AndroidManifest.xml:7:15-41
		INJECTED from src\main\AndroidManifest.xml
		INJECTED from src\main\AndroidManifest.xml
application
ADDED from src\main\AndroidManifest.xml:9:5-82:19
	android:label
		ADDED from src\main\AndroidManifest.xml:11:9-41
	android:icon
		ADDED from src\main\AndroidManifest.xml:10:9-45
	android:name
		ADDED from src\main\AndroidManifest.xml:12:9-41
meta-data#NoahApp_STAT_ID
ADDED from src\main\AndroidManifest.xml:15:9-17:68
	android:value
		ADDED from src\main\AndroidManifest.xml:17:13-65
	android:name
		ADDED from src\main\AndroidManifest.xml:16:13-43
meta-data#NoahApp_ENABLE_LOG
ADDED from src\main\AndroidManifest.xml:19:9-21:36
	android:value
		ADDED from src\main\AndroidManifest.xml:21:13-33
	android:name
		ADDED from src\main\AndroidManifest.xml:20:13-46
meta-data#NoahApp_ENABLE_ERROR
ADDED from src\main\AndroidManifest.xml:23:9-25:36
	android:value
		ADDED from src\main\AndroidManifest.xml:25:13-33
	android:name
		ADDED from src\main\AndroidManifest.xml:24:13-48
activity#com.noahedu.fish.FishMain
ADDED from src\main\AndroidManifest.xml:26:9-41:20
	android:screenOrientation
		ADDED from src\main\AndroidManifest.xml:30:13-56
	android:label
		ADDED from src\main\AndroidManifest.xml:29:13-45
	android:configChanges
		ADDED from src\main\AndroidManifest.xml:28:13-72
	android:theme
		ADDED from src\main\AndroidManifest.xml:31:13-71
	android:name
		ADDED from src\main\AndroidManifest.xml:27:13-37
intent-filter#android.intent.action.MAIN+android.intent.category.LAUNCHER
ADDED from src\main\AndroidManifest.xml:32:13-35:29
action#android.intent.action.MAIN
ADDED from src\main\AndroidManifest.xml:33:17-69
	android:name
		ADDED from src\main\AndroidManifest.xml:33:25-66
category#android.intent.category.LAUNCHER
ADDED from src\main\AndroidManifest.xml:34:17-77
	android:name
		ADDED from src\main\AndroidManifest.xml:34:27-74
intent-filter#android.intent.action.DEFAULT+android.intent.category.DEFAULT+com.noahedu.action.game.game_fishing
ADDED from src\main\AndroidManifest.xml:36:13-40:29
action#com.noahedu.action.game.game_fishing
ADDED from src\main\AndroidManifest.xml:37:17-79
	android:name
		ADDED from src\main\AndroidManifest.xml:37:25-76
action#android.intent.action.DEFAULT
ADDED from src\main\AndroidManifest.xml:38:17-72
	android:name
		ADDED from src\main\AndroidManifest.xml:38:25-69
category#android.intent.category.DEFAULT
ADDED from src\main\AndroidManifest.xml:39:17-76
	android:name
		ADDED from src\main\AndroidManifest.xml:39:27-73
activity#com.noahedu.fish.Instructions
ADDED from src\main\AndroidManifest.xml:42:9-48:20
	android:screenOrientation
		ADDED from src\main\AndroidManifest.xml:46:13-56
	android:label
		ADDED from src\main\AndroidManifest.xml:45:13-45
	android:configChanges
		ADDED from src\main\AndroidManifest.xml:44:13-72
	android:theme
		ADDED from src\main\AndroidManifest.xml:47:13-71
	android:name
		ADDED from src\main\AndroidManifest.xml:43:13-41
activity#com.noahedu.fish.HighScore
ADDED from src\main\AndroidManifest.xml:49:9-55:20
	android:screenOrientation
		ADDED from src\main\AndroidManifest.xml:53:13-56
	android:label
		ADDED from src\main\AndroidManifest.xml:52:13-45
	android:configChanges
		ADDED from src\main\AndroidManifest.xml:51:13-72
	android:theme
		ADDED from src\main\AndroidManifest.xml:54:13-71
	android:name
		ADDED from src\main\AndroidManifest.xml:50:13-38
activity#com.noahedu.fish.Fish
ADDED from src\main\AndroidManifest.xml:56:9-62:20
	android:screenOrientation
		ADDED from src\main\AndroidManifest.xml:60:13-56
	android:label
		ADDED from src\main\AndroidManifest.xml:59:13-45
	android:configChanges
		ADDED from src\main\AndroidManifest.xml:58:13-72
	android:theme
		ADDED from src\main\AndroidManifest.xml:61:13-71
	android:name
		ADDED from src\main\AndroidManifest.xml:57:13-33
activity#com.noahedu.fish.StudyWord
ADDED from src\main\AndroidManifest.xml:63:9-69:20
	android:screenOrientation
		ADDED from src\main\AndroidManifest.xml:67:13-56
	android:label
		ADDED from src\main\AndroidManifest.xml:66:13-45
	android:configChanges
		ADDED from src\main\AndroidManifest.xml:65:13-72
	android:theme
		ADDED from src\main\AndroidManifest.xml:68:13-71
	android:name
		ADDED from src\main\AndroidManifest.xml:64:13-38
service#com.noahedu.fish.BGService
ADDED from src\main\AndroidManifest.xml:71:9-79:19
	android:enabled
		ADDED from src\main\AndroidManifest.xml:73:13-35
	android:name
		ADDED from src\main\AndroidManifest.xml:72:13-38
intent-filter#android.intent.category.DEFAULT+com.noahedu.fish.BGService
ADDED from src\main\AndroidManifest.xml:74:13-78:29
action#com.noahedu.fish.BGService
ADDED from src\main\AndroidManifest.xml:75:17-69
	android:name
		ADDED from src\main\AndroidManifest.xml:75:25-66
uses-library#com.noahedu
ADDED from src\main\AndroidManifest.xml:81:9-52
	android:name
		ADDED from src\main\AndroidManifest.xml:81:23-49
uses-permission#android.permission.READ_EXTERNAL_STORAGE
ADDED from src\main\AndroidManifest.xml:84:5-80
	android:name
		ADDED from src\main\AndroidManifest.xml:84:22-77
uses-permission#android.permission.INTERNET
ADDED from src\main\AndroidManifest.xml:86:5-67
	android:name
		ADDED from src\main\AndroidManifest.xml:86:22-64
uses-permission#android.permission.ACCESS_NETWORK_STATE
ADDED from src\main\AndroidManifest.xml:87:5-79
	android:name
		ADDED from src\main\AndroidManifest.xml:87:22-76
uses-permission#android.permission.ACCESS_WIFI_STATE
ADDED from src\main\AndroidManifest.xml:88:5-76
	android:name
		ADDED from src\main\AndroidManifest.xml:88:22-73
uses-permission#android.permission.WRITE_SETTINGS
ADDED from src\main\AndroidManifest.xml:89:5-73
	android:name
		ADDED from src\main\AndroidManifest.xml:89:22-70
uses-permission#android.permission.WRITE_EXTERNAL_STORAGE
ADDED from src\main\AndroidManifest.xml:90:5-81
	android:name
		ADDED from src\main\AndroidManifest.xml:90:22-78